2023-11-27 21:38:50,441 - my_logger - INFO - SUCCESSFUL CONNECTION TO DATABASE
2023-11-27 21:38:50,481 - my_logger - INFO - SUCCESSFUL CONNECTION TO DATABASE
2023-11-27 21:38:50,534 - my_logger - DEBUG - SERVER START
2023-11-27 21:38:50,766 - my_logger - INFO - SUCCESSFUL CONNECTION TO DATABASE
2023-11-27 21:38:50,804 - my_logger - INFO - SUCCESSFUL CONNECTION TO DATABASE
2023-11-27 21:38:50,848 - my_logger - DEBUG - SERVER START
2023-11-27 21:38:55,433 - my_logger - DEBUG - POST REQUEST FROM /tech_inspection/
2023-11-27 21:38:56,507 - my_logger - DEBUG - GET REQUEST FROM /tech_inspection/post/
2023-11-27 21:38:58,165 - my_logger - DEBUG - POST REQUEST FROM /tech_inspection/
2023-11-27 21:39:17,317 - my_logger - DEBUG - GET REQUEST FROM /production_area/
2023-11-27 21:39:20,376 - my_logger - DEBUG - GET REQUEST FROM /production_area/get_production_area/
2023-11-28 22:22:32,931 - my_logger - INFO - SUCCESSFUL CONNECTION TO DATABASE
2023-11-28 22:22:32,962 - my_logger - INFO - SUCCESSFUL CONNECTION TO DATABASE
2023-11-28 22:22:33,024 - my_logger - DEBUG - SERVER START
2023-11-28 22:22:33,306 - my_logger - INFO - SUCCESSFUL CONNECTION TO DATABASE
2023-11-28 22:22:33,353 - my_logger - INFO - SUCCESSFUL CONNECTION TO DATABASE
2023-11-28 22:22:33,399 - my_logger - DEBUG - SERVER START
2023-11-28 22:22:47,440 - my_logger - DEBUG - GET REQUEST FROM /production_area/
2023-11-28 22:23:29,898 - my_logger - DEBUG - GET REQUEST FROM /production_area/post/
2023-11-28 22:23:44,779 - my_logger - DEBUG - POST REQUEST FROM /production_area/post/
2023-11-28 22:23:57,631 - my_logger - DEBUG - GET REQUEST FROM /production_area/
2023-11-28 22:24:10,651 - my_logger - DEBUG - GET REQUEST FROM /equipment/
2023-11-28 22:24:39,470 - my_logger - DEBUG - POST REQUEST FROM /tech_inspection/
2023-11-28 22:24:40,648 - my_logger - DEBUG - GET REQUEST FROM /tech_inspection/post/
2023-11-28 22:24:42,439 - my_logger - DEBUG - POST REQUEST FROM /tech_inspection/
2023-11-28 22:24:44,299 - my_logger - DEBUG - GET REQUEST FROM /tech_failure/
2023-11-28 22:25:32,054 - my_logger - DEBUG - GET REQUEST FROM tech_failure/get_tech_failure.html/
2023-11-28 22:25:33,212 - my_logger - DEBUG - GET REQUEST FROM /tech_failure/
2023-11-28 22:27:21,062 - my_logger - INFO - SUCCESSFUL CONNECTION TO DATABASE
2023-11-28 22:27:21,107 - my_logger - INFO - SUCCESSFUL CONNECTION TO DATABASE
2023-11-28 22:27:21,138 - my_logger - DEBUG - SERVER START
2023-11-28 22:31:19,729 - my_logger - DEBUG - GET REQUEST FROM /employees/
2023-11-28 22:33:23,081 - my_logger - DEBUG - GET REQUEST FROM /production_area/
2023-11-28 22:33:41,535 - my_logger - DEBUG - GET REQUEST FROM /production_area/
2023-11-28 22:34:03,457 - my_logger - DEBUG - GET REQUEST FROM /production_area/post/
2023-11-28 22:34:05,019 - my_logger - DEBUG - POST REQUEST FROM /production_area/post/
2023-11-28 22:34:05,021 - my_logger - DEBUG - GET REQUEST FROM /production_area/post/
2023-11-28 22:34:05,967 - my_logger - DEBUG - GET REQUEST FROM /production_area/
2023-11-28 23:16:49,140 - my_logger - INFO - SUCCESSFUL CONNECTION TO DATABASE
2023-11-28 23:16:49,171 - my_logger - INFO - SUCCESSFUL CONNECTION TO DATABASE
2023-11-28 23:16:49,218 - my_logger - DEBUG - SERVER START
2023-11-28 23:16:49,452 - my_logger - INFO - SUCCESSFUL CONNECTION TO DATABASE
2023-11-28 23:16:49,593 - my_logger - INFO - SUCCESSFUL CONNECTION TO DATABASE
2023-11-28 23:16:49,640 - my_logger - DEBUG - SERVER START
2023-11-29 11:15:51,795 - my_logger - INFO - SUCCESSFUL CONNECTION TO DATABASE
2023-11-29 11:15:51,857 - my_logger - CRITICAL - CANNOT CONNECT TO DATABASE
2023-11-29 11:15:51,857 - my_logger - INFO - SUCCESSFUL CONNECTION TO DATABASE
2023-11-29 11:15:51,920 - my_logger - CRITICAL - CANNOT CONNECT TO DATABASE
2023-11-29 11:15:51,936 - my_logger - DEBUG - SERVER START
2023-11-29 11:15:52,264 - my_logger - INFO - SUCCESSFUL CONNECTION TO DATABASE
2023-11-29 11:15:52,310 - my_logger - CRITICAL - CANNOT CONNECT TO DATABASE
2023-11-29 11:15:52,310 - my_logger - INFO - SUCCESSFUL CONNECTION TO DATABASE
2023-11-29 11:15:52,342 - my_logger - CRITICAL - CANNOT CONNECT TO DATABASE
2023-11-29 11:15:52,357 - my_logger - DEBUG - SERVER START
2023-11-29 11:16:26,434 - my_logger - INFO - SUCCESSFUL CONNECTION TO DATABASE
2023-11-29 11:16:26,480 - my_logger - INFO - SUCCESSFUL CONNECTION TO DATABASE
2023-11-29 11:16:26,543 - my_logger - DEBUG - SERVER START
2023-11-29 11:16:26,808 - my_logger - INFO - SUCCESSFUL CONNECTION TO DATABASE
2023-11-29 11:16:26,855 - my_logger - INFO - SUCCESSFUL CONNECTION TO DATABASE
2023-11-29 11:16:27,012 - my_logger - DEBUG - SERVER START
2023-11-29 11:16:36,755 - my_logger - DEBUG - GET REQUEST FROM /production_area/
2023-11-29 11:16:38,470 - my_logger - DEBUG - GET REQUEST FROM /production_area/post/
2023-11-29 11:16:39,808 - my_logger - DEBUG - GET REQUEST FROM /production_area/
2023-11-29 11:16:41,465 - my_logger - DEBUG - GET REQUEST FROM /production_area/get_production_area/
2023-11-29 14:06:41,939 - my_logger - INFO - SUCCESSFUL CONNECTION TO DATABASE
2023-11-29 14:06:41,986 - my_logger - INFO - SUCCESSFUL CONNECTION TO DATABASE
2023-11-29 14:06:42,157 - my_logger - DEBUG - SERVER START
2023-11-29 14:06:42,454 - my_logger - INFO - SUCCESSFUL CONNECTION TO DATABASE
2023-11-29 14:06:42,501 - my_logger - INFO - SUCCESSFUL CONNECTION TO DATABASE
2023-11-29 14:06:42,564 - my_logger - DEBUG - SERVER START
2023-11-29 14:07:29,488 - my_logger - DEBUG - GET REQUEST FROM /production_area/
2023-11-29 14:08:35,453 - my_logger - DEBUG - GET REQUEST FROM /production_area/get_production_area/
2023-11-29 14:08:38,665 - my_logger - DEBUG - POST REQUEST FROM /production_area/get_production_area/
2023-11-29 14:09:23,069 - my_logger - DEBUG - GET REQUEST FROM /production_area/
2023-11-29 14:09:26,418 - my_logger - DEBUG - GET REQUEST FROM /production_area/get_production_area/
2023-11-29 14:09:30,810 - my_logger - DEBUG - POST REQUEST FROM /production_area/get_production_area/
2023-12-04 19:17:58,024 - my_logger - INFO - SUCCESSFUL CONNECTION TO DATABASE
2023-12-04 19:17:58,134 - my_logger - INFO - SUCCESSFUL CONNECTION TO DATABASE
2023-12-04 19:17:58,225 - my_logger - DEBUG - SERVER START
2023-12-04 19:17:58,647 - my_logger - INFO - SUCCESSFUL CONNECTION TO DATABASE
2023-12-04 19:17:58,716 - my_logger - INFO - SUCCESSFUL CONNECTION TO DATABASE
2023-12-04 19:17:58,800 - my_logger - DEBUG - SERVER START
2023-12-04 19:18:02,736 - my_logger - DEBUG - GET REQUEST FROM /production_area/
2023-12-04 19:18:18,242 - my_logger - DEBUG - GET REQUEST FROM /production_area/
2023-12-04 19:18:23,768 - my_logger - DEBUG - GET REQUEST FROM /equipment/
2023-12-04 19:18:26,567 - my_logger - DEBUG - GET REQUEST FROM /employees/
2023-12-04 19:23:24,662 - my_logger - DEBUG - GET REQUEST FROM /production_area/
2023-12-04 19:31:01,682 - my_logger - DEBUG - GET REQUEST FROM /production_area/
2023-12-04 19:31:35,650 - my_logger - DEBUG - GET REQUEST FROM /production_area/post/
2023-12-04 19:31:56,956 - my_logger - DEBUG - POST REQUEST FROM /production_area/post/
2023-12-04 19:32:19,034 - my_logger - DEBUG - GET REQUEST FROM /production_area/
2023-12-04 19:32:53,180 - my_logger - DEBUG - GET REQUEST FROM /production_area/get_production_area/
2023-12-04 19:33:04,882 - my_logger - DEBUG - GET REQUEST FROM /production_area/
2023-12-04 19:33:07,402 - my_logger - DEBUG - GET REQUEST FROM /production_area/get_production_area/
2023-12-04 19:33:10,035 - my_logger - DEBUG - POST REQUEST FROM /production_area/get_production_area/
2023-12-04 19:33:22,717 - my_logger - DEBUG - POST REQUEST FROM /production_area/get_production_area/
2023-12-04 19:33:31,355 - my_logger - DEBUG - GET REQUEST FROM /production_area/
2023-12-04 19:33:36,067 - my_logger - DEBUG - GET REQUEST FROM /production_area/update_production_area/
2023-12-04 19:34:11,609 - my_logger - DEBUG - POST REQUEST FROM /production_area/update_production_area/
2023-12-04 19:34:12,713 - my_logger - DEBUG - GET REQUEST FROM /production_area/
2023-12-04 19:35:08,099 - my_logger - DEBUG - GET REQUEST FROM /production_area/delete_production_area/
2023-12-04 19:35:09,792 - my_logger - DEBUG - GET REQUEST FROM /production_area/
2023-12-04 19:35:12,481 - my_logger - DEBUG - GET REQUEST FROM /production_area/delete_production_area/
2023-12-04 19:35:17,180 - my_logger - DEBUG - POST REQUEST FROM /production_area/delete_production_area/
2023-12-04 19:35:17,888 - my_logger - DEBUG - GET REQUEST FROM /production_area/
2023-12-04 20:08:33,744 - my_logger - INFO - SUCCESSFUL CONNECTION TO DATABASE
2023-12-04 20:08:33,801 - my_logger - CRITICAL - CANNOT CONNECT TO DATABASE
2023-12-04 20:08:33,809 - my_logger - INFO - SUCCESSFUL CONNECTION TO DATABASE
2023-12-04 20:08:33,858 - my_logger - CRITICAL - CANNOT CONNECT TO DATABASE
2023-12-04 20:08:33,875 - my_logger - DEBUG - SERVER START
2023-12-04 20:08:34,232 - my_logger - INFO - SUCCESSFUL CONNECTION TO DATABASE
2023-12-04 20:08:34,389 - my_logger - CRITICAL - CANNOT CONNECT TO DATABASE
2023-12-04 20:08:34,397 - my_logger - INFO - SUCCESSFUL CONNECTION TO DATABASE
2023-12-04 20:08:34,453 - my_logger - CRITICAL - CANNOT CONNECT TO DATABASE
2023-12-04 20:08:34,470 - my_logger - DEBUG - SERVER START
2023-12-04 20:08:39,254 - my_logger - DEBUG - GET REQUEST FROM /production_area/
